[1102/141529.809:ERROR:process_reader_win.cc(151)] SuspendThread: Access is denied. (0x5)
[1102/141529.814:ERROR:exception_snapshot_win.cc(98)] thread ID 12484 not found in process
[1102/141529.814:ERROR:scoped_process_suspend.cc(40)] NtResumeProcess: An attempt was made to access an exiting process. (0xc000010a)
[1102/194717.313:ERROR:process_memory_win.cc(73)] ReadMemory at 0x1f040d53760 of 72 bytes failed: Only part of a ReadProcessMemory or WriteProcessMemory request was completed. (0x12B)
[1102/194717.313:WARNING:pe_image_annotations_reader.cc(134)] could not read annotations list object in C:\Program Files (x86)\Google\Chrome\Application\77.0.3865.120\chrome_elf.dll
[1102/194717.328:ERROR:process_memory_win.cc(73)] ReadMemory at 0x1f041196c50 of 72 bytes failed: Only part of a ReadProcessMemory or WriteProcessMemory request was completed. (0x12B)
[1102/194717.328:WARNING:pe_image_annotations_reader.cc(134)] could not read annotations list object in C:\Program Files (x86)\Google\Chrome\Application\77.0.3865.120\chrome_child.dll
[1102/194717.328:ERROR:process_memory_win.cc(73)] ReadMemory at 0x1f040de0000 of 64 bytes failed: Only part of a ReadProcessMemory or WriteProcessMemory request was completed. (0x12B)
[1102/194717.328:WARNING:pe_image_reader.cc(340)] could not read dos header from C:\WINDOWS\System32\USER32.dll
[1102/194717.328:ERROR:process_memory_win.cc(73)] ReadMemory at 0x1f040d53760 of 72 bytes failed: Only part of a ReadProcessMemory or WriteProcessMemory request was completed. (0x12B)
[1102/194717.328:WARNING:pe_image_annotations_reader.cc(134)] could not read annotations list object in C:\Program Files (x86)\Google\Chrome\Application\77.0.3865.120\chrome_elf.dll
[1102/194717.328:ERROR:process_memory_win.cc(73)] ReadMemory at 0x1f041196c50 of 72 bytes failed: Only part of a ReadProcessMemory or WriteProcessMemory request was completed. (0x12B)
[1102/194717.328:WARNING:pe_image_annotations_reader.cc(134)] could not read annotations list object in C:\Program Files (x86)\Google\Chrome\Application\77.0.3865.120\chrome_child.dll
[1102/194717.328:ERROR:process_memory_win.cc(73)] ReadMemory at 0x1f040de0000 of 64 bytes failed: Only part of a ReadProcessMemory or WriteProcessMemory request was completed. (0x12B)
[1102/194717.328:WARNING:pe_image_reader.cc(340)] could not read dos header from C:\WINDOWS\System32\USER32.dll
[1102/194717.344:ERROR:process_memory_win.cc(73)] ReadMemory at 0x4780df8000 of 32768 bytes failed: Only part of a ReadProcessMemory or WriteProcessMemory request was completed. (0x12B)
[1102/194717.344:ERROR:process_memory_win.cc(73)] ReadMemory at 0x47815fd000 of 12288 bytes failed: Only part of a ReadProcessMemory or WriteProcessMemory request was completed. (0x12B)
[1102/194717.344:ERROR:process_memory_win.cc(73)] ReadMemory at 0x4781dfc000 of 16384 bytes failed: Only part of a ReadProcessMemory or WriteProcessMemory request was completed. (0x12B)
[1102/194717.344:ERROR:process_memory_win.cc(73)] ReadMemory at 0x47825fd000 of 12288 bytes failed: Only part of a ReadProcessMemory or WriteProcessMemory request was completed. (0x12B)
[1102/194717.344:ERROR:process_memory_win.cc(73)] ReadMemory at 0x4782dfc000 of 16384 bytes failed: Only part of a ReadProcessMemory or WriteProcessMemory request was completed. (0x12B)
[1102/194717.344:ERROR:process_memory_win.cc(73)] ReadMemory at 0x47835ff000 of 4096 bytes failed: Only part of a ReadProcessMemory or WriteProcessMemory request was completed. (0x12B)
[1102/194717.344:ERROR:process_memory_win.cc(73)] ReadMemory at 0x4783dfd000 of 12288 bytes failed: Only part of a ReadProcessMemory or WriteProcessMemory request was completed. (0x12B)
[1102/194717.344:ERROR:process_memory_win.cc(73)] ReadMemory at 0x47845fb000 of 20480 bytes failed: Only part of a ReadProcessMemory or WriteProcessMemory request was completed. (0x12B)
[1102/194717.344:ERROR:process_memory_win.cc(73)] ReadMemory at 0x47855fd000 of 12288 bytes failed: Only part of a ReadProcessMemory or WriteProcessMemory request was completed. (0x12B)
[1102/194717.344:ERROR:process_memory_win.cc(73)] ReadMemory at 0x4785dfd000 of 12288 bytes failed: Only part of a ReadProcessMemory or WriteProcessMemory request was completed. (0x12B)
[1102/194717.344:ERROR:process_memory_win.cc(73)] ReadMemory at 0x47865fd000 of 12288 bytes failed: Only part of a ReadProcessMemory or WriteProcessMemory request was completed. (0x12B)
[1102/194717.344:ERROR:process_memory_win.cc(73)] ReadMemory at 0x4784dfd000 of 12288 bytes failed: Only part of a ReadProcessMemory or WriteProcessMemory request was completed. (0x12B)
[1102/194717.344:ERROR:process_memory_win.cc(73)] ReadMemory at 0x4786dfd000 of 12288 bytes failed: Only part of a ReadProcessMemory or WriteProcessMemory request was completed. (0x12B)
[1102/194717.344:ERROR:process_memory_win.cc(73)] ReadMemory at 0x47875fd000 of 12288 bytes failed: Only part of a ReadProcessMemory or WriteProcessMemory request was completed. (0x12B)
[1102/194717.344:ERROR:process_memory_win.cc(73)] ReadMemory at 0x4780490000 of 852 bytes failed: Only part of a ReadProcessMemory or WriteProcessMemory request was completed. (0x12B)
[1102/194717.344:ERROR:process_memory_win.cc(73)] ReadMemory at 0x4780491000 of 6024 bytes failed: Only part of a ReadProcessMemory or WriteProcessMemory request was completed. (0x12B)
[1102/194717.344:ERROR:process_memory_win.cc(73)] ReadMemory at 0x4780493000 of 6024 bytes failed: Only part of a ReadProcessMemory or WriteProcessMemory request was completed. (0x12B)
[1102/194717.344:ERROR:process_memory_win.cc(73)] ReadMemory at 0x4780495000 of 6024 bytes failed: Only part of a ReadProcessMemory or WriteProcessMemory request was completed. (0x12B)
[1102/194717.344:ERROR:process_memory_win.cc(73)] ReadMemory at 0x4780497000 of 6024 bytes failed: Only part of a ReadProcessMemory or WriteProcessMemory request was completed. (0x12B)
[1102/194717.344:ERROR:process_memory_win.cc(73)] ReadMemory at 0x4780499000 of 6024 bytes failed: Only part of a ReadProcessMemory or WriteProcessMemory request was completed. (0x12B)
[1102/194717.344:ERROR:process_memory_win.cc(73)] ReadMemory at 0x478049b000 of 6024 bytes failed: Only part of a ReadProcessMemory or WriteProcessMemory request was completed. (0x12B)
[1102/194717.344:ERROR:process_memory_win.cc(73)] ReadMemory at 0x478049d000 of 6024 bytes failed: Only part of a ReadProcessMemory or WriteProcessMemory request was completed. (0x12B)
[1102/194717.344:ERROR:process_memory_win.cc(73)] ReadMemory at 0x478049f000 of 6024 bytes failed: Only part of a ReadProcessMemory or WriteProcessMemory request was completed. (0x12B)
[1102/194717.344:ERROR:process_memory_win.cc(73)] ReadMemory at 0x47804a1000 of 6024 bytes failed: Only part of a ReadProcessMemory or WriteProcessMemory request was completed. (0x12B)
[1102/194717.344:ERROR:process_memory_win.cc(73)] ReadMemory at 0x47804a3000 of 6024 bytes failed: Only part of a ReadProcessMemory or WriteProcessMemory request was completed. (0x12B)
[1102/194717.344:ERROR:process_memory_win.cc(73)] ReadMemory at 0x47804a5000 of 6024 bytes failed: Only part of a ReadProcessMemory or WriteProcessMemory request was completed. (0x12B)
[1102/194717.344:ERROR:process_memory_win.cc(73)] ReadMemory at 0x47804a7000 of 6024 bytes failed: Only part of a ReadProcessMemory or WriteProcessMemory request was completed. (0x12B)
[1102/194717.344:ERROR:process_memory_win.cc(73)] ReadMemory at 0x47804a9000 of 6024 bytes failed: Only part of a ReadProcessMemory or WriteProcessMemory request was completed. (0x12B)
[1102/194717.344:ERROR:process_memory_win.cc(73)] ReadMemory at 0x47804ab000 of 6024 bytes failed: Only part of a ReadProcessMemory or WriteProcessMemory request was completed. (0x12B)
[1102/194717.344:ERROR:process_memory_win.cc(73)] ReadMemory at 0x1f040ba0750 of 80 bytes failed: Only part of a ReadProcessMemory or WriteProcessMemory request was completed. (0x12B)
[1102/194717.344:ERROR:process_memory_win.cc(73)] ReadMemory at 0x1f040ba0fe0 of 6160 bytes failed: Only part of a ReadProcessMemory or WriteProcessMemory request was completed. (0x12B)
[1102/194717.344:ERROR:process_memory_win.cc(73)] ReadMemory at 0x1f040ba2800 of 1012 bytes failed: Only part of a ReadProcessMemory or WriteProcessMemory request was completed. (0x12B)
[1102/194717.344:ERROR:process_memory_win.cc(73)] ReadMemory at 0x1f040ba2e48 of 118 bytes failed: Only part of a ReadProcessMemory or WriteProcessMemory request was completed. (0x12B)
[1102/194717.344:ERROR:process_memory_win.cc(73)] ReadMemory at 0x1f040ba2ec0 of 1318 bytes failed: Only part of a ReadProcessMemory or WriteProcessMemory request was completed. (0x12B)
[1102/194717.344:ERROR:process_memory_win.cc(73)] ReadMemory at 0x1f040ba33e8 of 118 bytes failed: Only part of a ReadProcessMemory or WriteProcessMemory request was completed. (0x12B)
[1102/194717.344:ERROR:process_memory_win.cc(73)] ReadMemory at 0x1f040ba3460 of 100 bytes failed: Only part of a ReadProcessMemory or WriteProcessMemory request was completed. (0x12B)
[1102/194717.344:ERROR:process_memory_win.cc(73)] ReadMemory at 0x1f040ba34d0 of 58 bytes failed: Only part of a ReadProcessMemory or WriteProcessMemory request was completed. (0x12B)
[1102/194717.344:ERROR:process_memory_win.cc(73)] ReadMemory at 0x1f040ba35d0 of 132 bytes failed: Only part of a ReadProcessMemory or WriteProcessMemory request was completed. (0x12B)
[1102/194717.344:ERROR:process_memory_win.cc(73)] ReadMemory at 0x1f040ba3760 of 132 bytes failed: Only part of a ReadProcessMemory or WriteProcessMemory request was completed. (0x12B)
[1102/194717.344:ERROR:process_memory_win.cc(73)] ReadMemory at 0x1f040ba3920 of 126 bytes failed: Only part of a ReadProcessMemory or WriteProcessMemory request was completed. (0x12B)
[1102/194717.344:ERROR:process_memory_win.cc(73)] ReadMemory at 0x1f040ba3d00 of 132 bytes failed: Only part of a ReadProcessMemory or WriteProcessMemory request was completed. (0x12B)
[1102/194717.344:ERROR:process_memory_win.cc(73)] ReadMemory at 0x1f040ba3e90 of 64 bytes failed: Only part of a ReadProcessMemory or WriteProcessMemory request was completed. (0x12B)
[1102/194717.344:ERROR:process_memory_win.cc(73)] ReadMemory at 0x1f040ba4050 of 132 bytes failed: Only part of a ReadProcessMemory or WriteProcessMemory request was completed. (0x12B)
[1102/194717.344:ERROR:process_memory_win.cc(73)] ReadMemory at 0x1f040ba42f0 of 132 bytes failed: Only part of a ReadProcessMemory or WriteProcessMemory request was completed. (0x12B)
[1102/194717.344:ERROR:process_memory_win.cc(73)] ReadMemory at 0x1f040ba4480 of 68 bytes failed: Only part of a ReadProcessMemory or WriteProcessMemory request was completed. (0x12B)
[1102/194717.344:ERROR:process_memory_win.cc(73)] ReadMemory at 0x1f040ba5660 of 132 bytes failed: Only part of a ReadProcessMemory or WriteProcessMemory request was completed. (0x12B)
[1102/194717.344:ERROR:process_memory_win.cc(73)] ReadMemory at 0x1f040ba57f0 of 154 bytes failed: Only part of a ReadProcessMemory or WriteProcessMemory request was completed. (0x12B)
[1102/194717.344:ERROR:process_memory_win.cc(73)] ReadMemory at 0x1f040ba658c of 512 bytes failed: Only part of a ReadProcessMemory or WriteProcessMemory request was completed. (0x12B)
[1102/194717.344:ERROR:process_memory_win.cc(73)] ReadMemory at 0x1f040ba69a0 of 132 bytes failed: Only part of a ReadProcessMemory or WriteProcessMemory request was completed. (0x12B)
[1102/194717.344:ERROR:process_memory_win.cc(73)] ReadMemory at 0x1f040ba7b90 of 62 bytes failed: Only part of a ReadProcessMemory or WriteProcessMemory request was completed. (0x12B)
[1102/194717.344:ERROR:process_memory_win.cc(73)] ReadMemory at 0x1f040ba7be0 of 158 bytes failed: Only part of a ReadProcessMemory or WriteProcessMemory request was completed. (0x12B)
[1102/194717.344:ERROR:process_memory_win.cc(73)] ReadMemory at 0x1f040ba7cc0 of 132 bytes failed: Only part of a ReadProcessMemory or WriteProcessMemory request was completed. (0x12B)
[1102/194717.344:ERROR:process_memory_win.cc(73)] ReadMemory at 0x1f040ba7e50 of 60 bytes failed: Only part of a ReadProcessMemory or WriteProcessMemory request was completed. (0x12B)
[1102/194717.344:ERROR:process_memory_win.cc(73)] ReadMemory at 0x1f040ba8550 of 132 bytes failed: Only part of a ReadProcessMemory or WriteProcessMemory request was completed. (0x12B)
[1102/194717.344:ERROR:process_memory_win.cc(73)] ReadMemory at 0x1f040ba8680 of 132 bytes failed: Only part of a ReadProcessMemory or WriteProcessMemory request was completed. (0x12B)
[1102/194717.344:ERROR:process_memory_win.cc(73)] ReadMemory at 0x1f040ba87c0 of 132 bytes failed: Only part of a ReadProcessMemory or WriteProcessMemory request was completed. (0x12B)
[1102/194717.344:ERROR:process_memory_win.cc(73)] ReadMemory at 0x1f040bab6c0 of 66 bytes failed: Only part of a ReadProcessMemory or WriteProcessMemory request was completed. (0x12B)
[1102/194717.344:ERROR:process_memory_win.cc(73)] ReadMemory at 0x1f040bab710 of 58 bytes failed: Only part of a ReadProcessMemory or WriteProcessMemory request was completed. (0x12B)
[1102/194717.344:ERROR:process_memory_win.cc(73)] ReadMemory at 0x1f040bab800 of 64 bytes failed: Only part of a ReadProcessMemory or WriteProcessMemory request was completed. (0x12B)
[1102/194717.344:ERROR:process_memory_win.cc(73)] ReadMemory at 0x1f040bab8f0 of 62 bytes failed: Only part of a ReadProcessMemory or WriteProcessMemory request was completed. (0x12B)
[1102/194717.344:ERROR:process_memory_win.cc(73)] ReadMemory at 0x1f040baba80 of 60 bytes failed: Only part of a ReadProcessMemory or WriteProcessMemory request was completed. (0x12B)
[1102/194717.344:ERROR:process_memory_win.cc(73)] ReadMemory at 0x1f040babc10 of 64 bytes failed: Only part of a ReadProcessMemory or WriteProcessMemory request was completed. (0x12B)
[1102/194717.344:ERROR:process_memory_win.cc(73)] ReadMemory at 0x1f040babd00 of 64 bytes failed: Only part of a ReadProcessMemory or WriteProcessMemory request was completed. (0x12B)
[1102/194717.344:ERROR:process_memory_win.cc(73)] ReadMemory at 0x1f040babda0 of 60 bytes failed: Only part of a ReadProcessMemory or WriteProcessMemory request was completed. (0x12B)
[1102/194717.344:ERROR:process_memory_win.cc(73)] ReadMemory at 0x1f040babdf0 of 62 bytes failed: Only part of a ReadProcessMemory or WriteProcessMemory request was completed. (0x12B)
[1102/194717.344:ERROR:process_memory_win.cc(73)] ReadMemory at 0x1f040bac110 of 78 bytes failed: Only part of a ReadProcessMemory or WriteProcessMemory request was completed. (0x12B)
[1102/194717.344:ERROR:process_memory_win.cc(73)] ReadMemory at 0x1f040bac950 of 76 bytes failed: Only part of a ReadProcessMemory or WriteProcessMemory request was completed. (0x12B)
[1102/194717.344:ERROR:process_memory_win.cc(73)] ReadMemory at 0x1f040bacee0 of 132 bytes failed: Only part of a ReadProcessMemory or WriteProcessMemory request was completed. (0x12B)
[1102/194717.344:ERROR:process_memory_win.cc(73)] ReadMemory at 0x1f040bad010 of 132 bytes failed: Only part of a ReadProcessMemory or WriteProcessMemory request was completed. (0x12B)
[1102/194717.344:ERROR:process_memory_win.cc(73)] ReadMemory at 0x1f040bad140 of 132 bytes failed: Only part of a ReadProcessMemory or WriteProcessMemory request was completed. (0x12B)
[1102/194717.344:ERROR:process_memory_win.cc(73)] ReadMemory at 0x1f040bad270 of 132 bytes failed: Only part of a ReadProcessMemory or WriteProcessMemory request was completed. (0x12B)
[1102/194717.344:ERROR:process_memory_win.cc(73)] ReadMemory at 0x1f040bad3a0 of 132 bytes failed: Only part of a ReadProcessMemory or WriteProcessMemory request was completed. (0x12B)
[1102/194717.344:ERROR:process_memory_win.cc(73)] ReadMemory at 0x1f040bad4d0 of 132 bytes failed: Only part of a ReadProcessMemory or WriteProcessMemory request was completed. (0x12B)
[1102/194717.344:ERROR:process_memory_win.cc(73)] ReadMemory at 0x1f040bad600 of 132 bytes failed: Only part of a ReadProcessMemory or WriteProcessMemory request was completed. (0x12B)
[1102/194717.344:ERROR:process_memory_win.cc(73)] ReadMemory at 0x1f040bad730 of 132 bytes failed: Only part of a ReadProcessMemory or WriteProcessMemory request was completed. (0x12B)
[1102/194717.344:ERROR:process_memory_win.cc(73)] ReadMemory at 0x1f040bad860 of 132 bytes failed: Only part of a ReadProcessMemory or WriteProcessMemory request was completed. (0x12B)
[1102/194717.344:ERROR:process_memory_win.cc(73)] ReadMemory at 0x1f040bad990 of 132 bytes failed: Only part of a ReadProcessMemory or WriteProcessMemory request was completed. (0x12B)
[1102/194717.344:ERROR:process_memory_win.cc(73)] ReadMemory at 0x1f040badac0 of 132 bytes failed: Only part of a ReadProcessMemory or WriteProcessMemory request was completed. (0x12B)
[1102/194717.344:ERROR:process_memory_win.cc(73)] ReadMemory at 0x1f040badd20 of 132 bytes failed: Only part of a ReadProcessMemory or WriteProcessMemory request was completed. (0x12B)
[1102/194717.344:ERROR:process_memory_win.cc(73)] ReadMemory at 0x1f040baedb0 of 132 bytes failed: Only part of a ReadProcessMemory or WriteProcessMemory request was completed. (0x12B)
[1102/194717.344:ERROR:process_memory_win.cc(73)] ReadMemory at 0x1f040baeee0 of 132 bytes failed: Only part of a ReadProcessMemory or WriteProcessMemory request was completed. (0x12B)
[1102/194717.344:ERROR:process_memory_win.cc(73)] ReadMemory at 0x1f040bafe70 of 132 bytes failed: Only part of a ReadProcessMemory or WriteProcessMemory request was completed. (0x12B)
[1102/194717.344:ERROR:process_memory_win.cc(73)] ReadMemory at 0x1f040bb0220 of 132 bytes failed: Only part of a ReadProcessMemory or WriteProcessMemory request was completed. (0x12B)
[1102/194717.344:ERROR:process_memory_win.cc(73)] ReadMemory at 0x1f040bb5360 of 54 bytes failed: Only part of a ReadProcessMemory or WriteProcessMemory request was completed. (0x12B)
[1102/194717.344:ERROR:process_memory_win.cc(73)] ReadMemory at 0x1f040bb5c80 of 132 bytes failed: Only part of a ReadProcessMemory or WriteProcessMemory request was completed. (0x12B)
[1102/194717.344:ERROR:process_memory_win.cc(73)] ReadMemory at 0x1f040bb5db0 of 132 bytes failed: Only part of a ReadProcessMemory or WriteProcessMemory request was completed. (0x12B)
[1102/194717.344:ERROR:process_memory_win.cc(73)] ReadMemory at 0x1f040bb6000 of 64 bytes failed: Only part of a ReadProcessMemory or WriteProcessMemory request was completed. (0x12B)
[1102/194717.344:ERROR:process_memory_win.cc(73)] ReadMemory at 0x1f040bb6140 of 60 bytes failed: Only part of a ReadProcessMemory or WriteProcessMemory request was completed. (0x12B)
[1102/194717.344:ERROR:process_memory_win.cc(73)] ReadMemory at 0x1f040bb6190 of 62 bytes failed: Only part of a ReadProcessMemory or WriteProcessMemory request was completed. (0x12B)
[1102/194717.344:ERROR:process_memory_win.cc(73)] ReadMemory at 0x1f040bb6230 of 66 bytes failed: Only part of a ReadProcessMemory or WriteProcessMemory request was completed. (0x12B)
[1102/194717.344:ERROR:process_memory_win.cc(73)] ReadMemory at 0x1f040bb6280 of 58 bytes failed: Only part of a ReadProcessMemory or WriteProcessMemory request was completed. (0x12B)
[1102/194717.344:ERROR:process_memory_win.cc(73)] ReadMemory at 0x1f040bb6370 of 62 bytes failed: Only part of a ReadProcessMemory or WriteProcessMemory request was completed. (0x12B)
[1102/194717.344:ERROR:process_memory_win.cc(73)] ReadMemory at 0x1f040bb63c0 of 60 bytes failed: Only part of a ReadProcessMemory or WriteProcessMemory request was completed. (0x12B)
[1102/194717.344:ERROR:process_memory_win.cc(73)] ReadMemory at 0x1f040bb6410 of 62 bytes failed: Only part of a ReadProcessMemory or WriteProcessMemory request was completed. (0x12B)
[1102/194717.344:ERROR:process_memory_win.cc(73)] ReadMemory at 0x1f040bb64b0 of 62 bytes failed: Only part of a ReadProcessMemory or WriteProcessMemory request was completed. (0x12B)
[1102/194717.344:ERROR:process_memory_win.cc(73)] ReadMemory at 0x1f040bb65f0 of 58 bytes failed: Only part of a ReadProcessMemory or WriteProcessMemory request was completed. (0x12B)
[1102/194717.344:ERROR:process_memory_win.cc(73)] ReadMemory at 0x1f040bb6690 of 62 bytes failed: Only part of a ReadProcessMemory or WriteProcessMemory request was completed. (0x12B)
[1102/194717.344:ERROR:process_memory_win.cc(73)] ReadMemory at 0x1f040bb6820 of 64 bytes failed: Only part of a ReadProcessMemory or WriteProcessMemory request was completed. (0x12B)
[1102/194717.344:ERROR:process_memory_win.cc(73)] ReadMemory at 0x1f040bb6870 of 60 bytes failed: Only part of a ReadProcessMemory or WriteProcessMemory request was completed. (0x12B)
[1102/194717.344:ERROR:process_memory_win.cc(73)] ReadMemory at 0x1f040bb6910 of 60 bytes failed: Only part of a ReadProcessMemory or WriteProcessMemory request was completed. (0x12B)
[1102/194717.344:ERROR:process_memory_win.cc(73)] ReadMemory at 0x1f040bb6b40 of 62 bytes failed: Only part of a ReadProcessMemory or WriteProcessMemory request was completed. (0x12B)
[1102/194717.344:ERROR:process_memory_win.cc(73)] ReadMemory at 0x1f040bb6b90 of 62 bytes failed: Only part of a ReadProcessMemory or WriteProcessMemory request was completed. (0x12B)
[1102/194717.344:ERROR:process_memory_win.cc(73)] ReadMemory at 0x1f040bb6be0 of 66 bytes failed: Only part of a ReadProcessMemory or WriteProcessMemory request was completed. (0x12B)
[1102/194717.344:ERROR:process_memory_win.cc(73)] ReadMemory at 0x1f040bb6c30 of 64 bytes failed: Only part of a ReadProcessMemory or WriteProcessMemory request was completed. (0x12B)
[1102/194717.344:ERROR:process_memory_win.cc(73)] ReadMemory at 0x1f040bb6c80 of 64 bytes failed: Only part of a ReadProcessMemory or WriteProcessMemory request was completed. (0x12B)
[1102/194717.344:ERROR:process_memory_win.cc(73)] ReadMemory at 0x1f040bb6d20 of 64 bytes failed: Only part of a ReadProcessMemory or WriteProcessMemory request was completed. (0x12B)
[1102/194717.344:ERROR:process_memory_win.cc(73)] ReadMemory at 0x1f040bb6d70 of 62 bytes failed: Only part of a ReadProcessMemory or WriteProcessMemory request was completed. (0x12B)
[1102/194717.344:ERROR:process_memory_win.cc(73)] ReadMemory at 0x1f040bb6e60 of 60 bytes failed: Only part of a ReadProcessMemory or WriteProcessMemory request was completed. (0x12B)
[1102/194717.344:ERROR:process_memory_win.cc(73)] ReadMemory at 0x1f040bb6eb0 of 60 bytes failed: Only part of a ReadProcessMemory or WriteProcessMemory request was completed. (0x12B)
[1102/194717.344:ERROR:process_memory_win.cc(73)] ReadMemory at 0x1f040bb72c0 of 132 bytes failed: Only part of a ReadProcessMemory or WriteProcessMemory request was completed. (0x12B)
[1102/194717.344:ERROR:process_memory_win.cc(73)] ReadMemory at 0x1f040bb7780 of 132 bytes failed: Only part of a ReadProcessMemory or WriteProcessMemory request was completed. (0x12B)
[1102/194717.344:ERROR:process_memory_win.cc(73)] ReadMemory at 0x1f040bb78b0 of 132 bytes failed: Only part of a ReadProcessMemory or WriteProcessMemory request was completed. (0x12B)
[1102/194717.344:ERROR:process_memory_win.cc(73)] ReadMemory at 0x1f040bb7b10 of 132 bytes failed: Only part of a ReadProcessMemory or WriteProcessMemory request was completed. (0x12B)
[1102/194717.344:ERROR:process_memory_win.cc(73)] ReadMemory at 0x1f040bb7d70 of 132 bytes failed: Only part of a ReadProcessMemory or WriteProcessMemory request was completed. (0x12B)
[1102/194717.344:ERROR:process_memory_win.cc(73)] ReadMemory at 0x1f040bb7fd0 of 132 bytes failed: Only part of a ReadProcessMemory or WriteProcessMemory request was completed. (0x12B)
[1102/194717.344:ERROR:process_memory_win.cc(73)] ReadMemory at 0x1f040bb8100 of 132 bytes failed: Only part of a ReadProcessMemory or WriteProcessMemory request was completed. (0x12B)
[1102/194717.344:ERROR:process_memory_win.cc(73)] ReadMemory at 0x1f040bb8230 of 132 bytes failed: Only part of a ReadProcessMemory or WriteProcessMemory request was completed. (0x12B)
[1102/194717.344:ERROR:process_memory_win.cc(73)] ReadMemory at 0x1f040bb8360 of 132 bytes failed: Only part of a ReadProcessMemory or WriteProcessMemory request was completed. (0x12B)
[1102/194717.344:ERROR:process_memory_win.cc(73)] ReadMemory at 0x1f040bb8490 of 132 bytes failed: Only part of a ReadProcessMemory or WriteProcessMemory request was completed. (0x12B)
[1102/194717.344:ERROR:process_memory_win.cc(73)] ReadMemory at 0x1f040bb85c0 of 132 bytes failed: Only part of a ReadProcessMemory or WriteProcessMemory request was completed. (0x12B)
[1102/194717.344:ERROR:process_memory_win.cc(73)] ReadMemory at 0x1f040bb86f0 of 132 bytes failed: Only part of a ReadProcessMemory or WriteProcessMemory request was completed. (0x12B)
[1102/194717.344:ERROR:process_memory_win.cc(73)] ReadMemory at 0x1f040bb8820 of 132 bytes failed: Only part of a ReadProcessMemory or WriteProcessMemory request was completed. (0x12B)
[1102/194717.344:ERROR:process_memory_win.cc(73)] ReadMemory at 0x1f040bb8950 of 132 bytes failed: Only part of a ReadProcessMemory or WriteProcessMemory request was completed. (0x12B)
[1102/194717.344:ERROR:process_memory_win.cc(73)] ReadMemory at 0x1f040bb8a80 of 132 bytes failed: Only part of a ReadProcessMemory or WriteProcessMemory request was completed. (0x12B)
[1102/194717.344:ERROR:process_memory_win.cc(73)] ReadMemory at 0x1f040bb8bb0 of 132 bytes failed: Only part of a ReadProcessMemory or WriteProcessMemory request was completed. (0x12B)
[1102/194717.344:ERROR:process_memory_win.cc(73)] ReadMemory at 0x1f040bb8ce0 of 132 bytes failed: Only part of a ReadProcessMemory or WriteProcessMemory request was completed. (0x12B)
[1102/194717.344:ERROR:process_memory_win.cc(73)] ReadMemory at 0x1f040bb8e10 of 132 bytes failed: Only part of a ReadProcessMemory or WriteProcessMemory request was completed. (0x12B)
[1102/194717.344:ERROR:process_memory_win.cc(73)] ReadMemory at 0x1f040bb8f40 of 132 bytes failed: Only part of a ReadProcessMemory or WriteProcessMemory request was completed. (0x12B)
[1102/194717.344:ERROR:process_memory_win.cc(73)] ReadMemory at 0x1f040bb9070 of 132 bytes failed: Only part of a ReadProcessMemory or WriteProcessMemory request was completed. (0x12B)
[1102/194717.344:ERROR:process_memory_win.cc(73)] ReadMemory at 0x1f040bc46c0 of 62 bytes failed: Only part of a ReadProcessMemory or WriteProcessMemory request was completed. (0x12B)
[1102/194717.344:ERROR:process_memory_win.cc(73)] ReadMemory at 0x1f040bc4a30 of 62 bytes failed: Only part of a ReadProcessMemory or WriteProcessMemory request was completed. (0x12B)
[1102/194717.344:ERROR:process_memory_win.cc(73)] ReadMemory at 0x1f040bc4bc0 of 64 bytes failed: Only part of a ReadProcessMemory or WriteProcessMemory request was completed. (0x12B)
[1102/194717.344:ERROR:process_memory_win.cc(73)] ReadMemory at 0x1f040bc4f80 of 62 bytes failed: Only part of a ReadProcessMemory or WriteProcessMemory request was completed. (0x12B)
[1102/194717.344:ERROR:process_memory_win.cc(73)] ReadMemory at 0x1f040bc5340 of 58 bytes failed: Only part of a ReadProcessMemory or WriteProcessMemory request was completed. (0x12B)
[1102/194717.344:ERROR:process_memory_win.cc(73)] ReadMemory at 0x1f040bd2060 of 512 bytes failed: Only part of a ReadProcessMemory or WriteProcessMemory request was completed. (0x12B)
[1102/194717.344:ERROR:process_memory_win.cc(73)] ReadMemory at 0x1f040bd3f70 of 512 bytes failed: Only part of a ReadProcessMemory or WriteProcessMemory request was completed. (0x12B)
[1102/194717.344:ERROR:process_memory_win.cc(73)] ReadMemory at 0x1f040bd5870 of 512 bytes failed: Only part of a ReadProcessMemory or WriteProcessMemory request was completed. (0x12B)
[1102/194717.344:ERROR:process_memory_win.cc(73)] ReadMemory at 0x1f0411b8d40 of 512 bytes failed: Only part of a ReadProcessMemory or WriteProcessMemory request was completed. (0x12B)
[1102/194717.344:ERROR:process_memory_win.cc(73)] ReadMemory at 0x1f0411c1a00 of 512 bytes failed: Only part of a ReadProcessMemory or WriteProcessMemory request was completed. (0x12B)
[1102/194717.344:ERROR:process_memory_win.cc(73)] ReadMemory at 0x1f0411c4968 of 512 bytes failed: Only part of a ReadProcessMemory or WriteProcessMemory request was completed. (0x12B)
[1102/194717.344:ERROR:process_memory_win.cc(73)] ReadMemory at 0x1f0411c5f00 of 512 bytes failed: Only part of a ReadProcessMemory or WriteProcessMemory request was completed. (0x12B)
[1102/194717.344:ERROR:process_memory_win.cc(73)] ReadMemory at 0x1f0411c70a0 of 512 bytes failed: Only part of a ReadProcessMemory or WriteProcessMemory request was completed. (0x12B)
[1102/194717.344:ERROR:process_memory_win.cc(73)] ReadMemory at 0x1f0411c9eb0 of 512 bytes failed: Only part of a ReadProcessMemory or WriteProcessMemory request was completed. (0x12B)
[1102/194717.344:ERROR:process_memory_win.cc(73)] ReadMemory at 0x1f0411e3600 of 512 bytes failed: Only part of a ReadProcessMemory or WriteProcessMemory request was completed. (0x12B)
[1102/194717.344:ERROR:process_memory_win.cc(73)] ReadMemory at 0x1f0411e9e80 of 712 bytes failed: Only part of a ReadProcessMemory or WriteProcessMemory request was completed. (0x12B)
[1102/194717.344:ERROR:process_memory_win.cc(73)] ReadMemory at 0x1f0411f4d48 of 512 bytes failed: Only part of a ReadProcessMemory or WriteProcessMemory request was completed. (0x12B)
[1102/194717.344:ERROR:process_memory_win.cc(73)] ReadMemory at 0x1f0411f6698 of 512 bytes failed: Only part of a ReadProcessMemory or WriteProcessMemory request was completed. (0x12B)
[1102/194717.344:ERROR:process_memory_win.cc(73)] ReadMemory at 0x1f0412b02b0 of 512 bytes failed: Only part of a ReadProcessMemory or WriteProcessMemory request was completed. (0x12B)
[1102/194717.360:ERROR:process_memory_win.cc(73)] ReadMemory at 0x1f0430a88b0 of 512 bytes failed: Only part of a ReadProcessMemory or WriteProcessMemory request was completed. (0x12B)
[1102/194717.360:ERROR:process_memory_win.cc(73)] ReadMemory at 0x1f0430c9240 of 512 bytes failed: Only part of a ReadProcessMemory or WriteProcessMemory request was completed. (0x12B)
[1102/194717.360:ERROR:process_memory_win.cc(73)] ReadMemory at 0x1f0431bff80 of 512 bytes failed: Only part of a ReadProcessMemory or WriteProcessMemory request was completed. (0x12B)
[1102/194717.366:ERROR:file_io_win.cc(161)] CreateFile C:\Users\roshan\AppData\Local\Temp\scoped_dir3900_1049785794\Crashpad\settings.dat: The system cannot find the file specified. (0x2)
[1102/194717.366:ERROR:scoped_process_suspend.cc(40)] NtResumeProcess: An attempt was made to access an exiting process. (0xc000010a)
